<?xml version="1.0" encoding="UTF-8"?>
<!-- Generated by org.testng.reporters.JUnitReportReporter -->
<testsuite hostname="Ved" failures="0" tests="5" name="humanResourceSenerio2.POM_LoginAndSearchAdminPage" time="47.502" errors="0" timestamp="2025-03-07T16:01:02 IST" skipped="0">
  <testcase classname="humanResourceSenerio2.POM_LoginAndSearchAdminPage" name="testLogin" time="10.047"/>
  <testcase classname="humanResourceSenerio2.POM_LoginAndSearchAdminPage" name="testLeftMenuOptionsCount" time="1.612"/>
  <testcase classname="humanResourceSenerio2.POM_LoginAndSearchAdminPage" name="testSearchByUsername" time="11.629"/>
  <testcase classname="humanResourceSenerio2.POM_LoginAndSearchAdminPage" name="testSearchByUserRole" time="12.459"/>
  <testcase classname="humanResourceSenerio2.POM_LoginAndSearchAdminPage" name="testSearchByUserStatus" time="11.755"/>
</testsuite> <!-- humanResourceSenerio2.POM_LoginAndSearchAdminPage -->
