<?xml version="1.0" encoding="UTF-8"?>
<!-- Generated by org.testng.reporters.JUnitReportReporter -->
<testsuite hostname="Ved" failures="0" tests="5" name="HumanResource.POM_LoginAndSearchAdminPage" time="27.748" errors="0" timestamp="2025-02-28T10:45:42 IST" skipped="0">
  <testcase classname="HumanResource.POM_LoginAndSearchAdminPage" name="testLogin" time="7.329"/>
  <testcase classname="HumanResource.POM_LoginAndSearchAdminPage" name="testLeftMenuOptionsCount" time="6.655"/>
  <testcase classname="HumanResource.POM_LoginAndSearchAdminPage" name="testSearchByUsername" time="6.287"/>
  <testcase classname="HumanResource.POM_LoginAndSearchAdminPage" name="testSearchByUserStatus" time="0.822"/>
  <testcase classname="HumanResource.POM_LoginAndSearchAdminPage" name="testSearchByUserRole" time="6.655"/>
</testsuite> <!-- HumanResource.POM_LoginAndSearchAdminPage -->
