<?xml version="1.0" encoding="UTF-8"?>
<!-- Generated by org.testng.reporters.JUnitReportReporter -->
<testsuite hostname="Ved" failures="0" tests="6" name="HumanResource.ExcelUtility" time="0.039" errors="0" timestamp="2025-03-07T16:50:45 IST" skipped="0">
  <testcase classname="HumanResource.ExcelUtility" name="readData" time="0.003"/>
  <testcase classname="HumanResource.ExcelUtility" name="createData" time="0.002"/>
  <testcase classname="HumanResource.ExcelUtility" name="createData" time="0.003"/>
  <testcase classname="HumanResource.ExcelUtility" name="createData" time="0.025"/>
  <testcase classname="HumanResource.ExcelUtility" name="createData" time="0.003"/>
  <testcase classname="HumanResource.ExcelUtility" name="createData" time="0.003"/>
</testsuite> <!-- HumanResource.ExcelUtility -->
